<?xml version="1.0" encoding="UTF-8"?>
<testng-results skipped="0" failed="0" total="1" passed="1">
  <reporter-output>
  </reporter-output>
  <suite name="Default suite" duration-ms="8646" started-at="2015-10-27T10:44:17Z" finished-at="2015-10-27T10:44:25Z">
    <groups>
    </groups>
    <test name="Default test" duration-ms="8646" started-at="2015-10-27T10:44:17Z" finished-at="2015-10-27T10:44:25Z">
      <class name="solidOptionGroupId.solidOptionArtifactId.SmokeTest">
        <test-method status="PASS" signature="setUp()[pri:0, instance:solidOptionGroupId.solidOptionArtifactId.SmokeTest@64616ca2]" name="setUp" is-config="true" duration-ms="7482" started-at="2015-10-27T12:44:17Z" finished-at="2015-10-27T12:44:24Z">
          <reporter-output>
          </reporter-output>
        </test-method> <!-- setUp -->
        <test-method status="PASS" signature="SimpleRegistration()[pri:0, instance:solidOptionGroupId.solidOptionArtifactId.SmokeTest@64616ca2]" name="SimpleRegistration" duration-ms="1052" started-at="2015-10-27T12:44:24Z" finished-at="2015-10-27T12:44:25Z">
          <reporter-output>
          </reporter-output>
        </test-method> <!-- SimpleRegistration -->
        <test-method status="PASS" signature="tearDown()[pri:0, instance:solidOptionGroupId.solidOptionArtifactId.SmokeTest@64616ca2]" name="tearDown" is-config="true" duration-ms="13" started-at="2015-10-27T12:44:25Z" finished-at="2015-10-27T12:44:25Z">
          <reporter-output>
          </reporter-output>
        </test-method> <!-- tearDown -->
      </class> <!-- solidOptionGroupId.solidOptionArtifactId.SmokeTest -->
    </test> <!-- Default test -->
  </suite> <!-- Default suite -->
</testng-results>
